Reader thread started
Thread 30 started, verifying if 1 is a valid key
Thread 31 started, verifying if 2 is a valid key
Thread 33 started, verifying if 2 is a valid key
Thread 32 started, verifying if 1 is a valid key
Key 1 doesn't exist, Thread 30 inserting it
Key 2 doesn't exist, Thread 31 inserting it
Pushing value for 2 with operation type debit and value 4
Pushing value for 2 with operation type debit and value 3
Pushing value for 2 with operation type debit and value 8
Pushing value for 2 with operation type debit and value 5
Pushing value for 2 with operation type debit and value 9
Pushing value for 2 with operation type debit and value 10
Pushing value for 2 with operation type debit and value 9
Pushing value for 2 with operation type debit and value 6
Pushing value for 2 with operation type debit and value 7
Pushing value for 2 with operation type debit and value 10
Pushing value for 2 with operation type debit and value 4
Pushing value for 2 with operation type debit and value 8
Pushing value for 2 with operation type debit and value 1
Pushing value for 2 with operation type debit and value 9
Pushing value for 2 with operation type debit and value 5
Pushing value for 2 with operation type debit and value 3
Pushing value for 2 with operation type debit and value 5
Pushing value for 2 with operation type debit and value 10
Pushing value for 2 with operation type debit and value 10
Pushing value for 2 with operation type debit and value 2
Pushing value for 2 with operation type debit and value 10
Pushing value for 2 with operation type debit and value 1
Pushing value for 2 with operation type debit and value 9
Pushing value for 2 with operation type debit and value 9
Pushing value for 2 with operation type debit and value 1
Pushing value for 2 with operation type debit and value 5
Pushing value for 2 with operation type debit and value 6
Pushing value for 2 with operation type debit and value 10
Pushing value for 2 with operation type debit and value 6
Pushing value for 2 with operation type debit and value 4
Pushing value for 2 with operation type debit and value 2
Pushing value for 2 with operation type debit and value 4
Pushing value for 2 with operation type debit and value 4
Pushing value for 2 with operation type debit and value 3
Pushing value for 2 with operation type debit and value 2
Pushing value for 2 with operation type debit and value 10
Pushing value for 2 with operation type debit and value 2
Pushing value for 2 with operation type debit and value 5
Pushing value for 2 with operation type debit and value 10
Pushing value for 2 with operation type debit and value 5
Pushing value for 2 with operation type debit and value 1
Pushing value for 2 with operation type debit and value 2
Pushing value for 2 with operation type debit and value 10
Pushing value for 2 with operation type debit and value 10
Pushing value for 2 with operation type debit and value 5
Pushing value for 2 with operation type debit and value 5
Pushing value for 2 with operation type debit and value 3
Pushing value for 2 with operation type debit and value 9
Pushing value for 2 with operation type debit and value 1
Pushing value for 2 with operation type debit and value 9
1 : {}
2 : {debit=291}
Pushing value for 2 with operation type debit and value 6
Pushing value for 2 with operation type debit and value 8
Pushing value for 2 with operation type debit and value 8
Pushing value for 2 with operation type debit and value 5
Pushing value for 2 with operation type debit and value 5
Pushing value for 2 with operation type debit and value 10
Pushing value for 2 with operation type debit and value 1
Pushing value for 2 with operation type debit and value 10
Pushing value for 2 with operation type debit and value 3
Pushing value for 2 with operation type debit and value 2
Pushing value for 2 with operation type debit and value 2
Pushing value for 2 with operation type debit and value 4
Pushing value for 2 with operation type debit and value 8
Pushing value for 2 with operation type debit and value 4
Pushing value for 2 with operation type debit and value 10
Pushing value for 2 with operation type debit and value 5
Pushing value for 2 with operation type debit and value 9
Pushing value for 2 with operation type debit and value 10
Pushing value for 2 with operation type debit and value 4
Pushing value for 2 with operation type debit and value 9
Pushing value for 2 with operation type debit and value 9
Pushing value for 2 with operation type debit and value 2
Pushing value for 2 with operation type debit and value 3
Pushing value for 2 with operation type debit and value 9
Pushing value for 2 with operation type debit and value 2
Pushing value for 2 with operation type debit and value 1
Pushing value for 2 with operation type debit and value 5
Pushing value for 2 with operation type debit and value 8
Pushing value for 2 with operation type debit and value 4
Pushing value for 2 with operation type debit and value 8
Pushing value for 2 with operation type debit and value 10
Pushing value for 2 with operation type debit and value 10
Pushing value for 2 with operation type debit and value 5
Pushing value for 2 with operation type debit and value 4
Pushing value for 2 with operation type debit and value 5
Pushing value for 2 with operation type debit and value 9
Pushing value for 2 with operation type debit and value 2
Pushing value for 2 with operation type debit and value 10
Pushing value for 2 with operation type debit and value 4
Pushing value for 2 with operation type debit and value 4
Pushing value for 2 with operation type debit and value 3
Pushing value for 2 with operation type debit and value 2
Pushing value for 2 with operation type debit and value 8
Pushing value for 2 with operation type debit and value 4
Pushing value for 2 with operation type debit and value 9
Pushing value for 2 with operation type debit and value 3
Pushing value for 2 with operation type debit and value 9
Pushing value for 2 with operation type debit and value 1
Pushing value for 2 with operation type debit and value 9
Pushing value for 2 with operation type debit and value 6
Pushing value for 2 with operation type credit and value 4
1 : {}
2 : {debit=582, credit=4}
Pushing value for 2 with operation type credit and value 7
Pushing value for 2 with operation type credit and value 4
Pushing value for 2 with operation type credit and value 4
Pushing value for 2 with operation type credit and value 3
Pushing value for 2 with operation type credit and value 8
Pushing value for 2 with operation type credit and value 1
Pushing value for 2 with operation type credit and value 1
Pushing value for 2 with operation type credit and value 4
Pushing value for 2 with operation type credit and value 7
Thread 31 done
Pushing value for 2 with operation type credit and value 7
Pushing value for 2 with operation type credit and value 7
Pushing value for 2 with operation type credit and value 4
Pushing value for 2 with operation type credit and value 3
Pushing value for 2 with operation type credit and value 7
Pushing value for 2 with operation type credit and value 4
Pushing value for 2 with operation type credit and value 7
Pushing value for 2 with operation type credit and value 10
Pushing value for 2 with operation type credit and value 8
Pushing value for 2 with operation type credit and value 3
Pushing value for 2 with operation type credit and value 7
Pushing value for 2 with operation type credit and value 10
Pushing value for 2 with operation type credit and value 1
Pushing value for 2 with operation type credit and value 8
Pushing value for 2 with operation type credit and value 4
Pushing value for 2 with operation type credit and value 6
Pushing value for 2 with operation type credit and value 5
Pushing value for 2 with operation type credit and value 5
Pushing value for 2 with operation type credit and value 7
Pushing value for 2 with operation type credit and value 9
Pushing value for 2 with operation type credit and value 4
Pushing value for 2 with operation type credit and value 1
Pushing value for 2 with operation type credit and value 3
Pushing value for 2 with operation type credit and value 9
Pushing value for 2 with operation type credit and value 6
Pushing value for 2 with operation type credit and value 1
Pushing value for 2 with operation type credit and value 7
Pushing value for 2 with operation type credit and value 1
Pushing value for 2 with operation type credit and value 4
Pushing value for 2 with operation type credit and value 7
Pushing value for 2 with operation type credit and value 2
Pushing value for 2 with operation type credit and value 3
Pushing value for 2 with operation type credit and value 7
Pushing value for 2 with operation type credit and value 6
Pushing value for 2 with operation type credit and value 9
Pushing value for 2 with operation type credit and value 8
Pushing value for 2 with operation type credit and value 1
Pushing value for 2 with operation type credit and value 9
Pushing value for 2 with operation type credit and value 3
Pushing value for 2 with operation type credit and value 8
Pushing value for 2 with operation type credit and value 5
Pushing value for 2 with operation type credit and value 7
1 : {}
2 : {debit=582, credit=276}
Pushing value for 2 with operation type credit and value 4
Pushing value for 2 with operation type credit and value 4
Pushing value for 2 with operation type credit and value 10
Pushing value for 2 with operation type credit and value 8
Pushing value for 2 with operation type credit and value 4
Pushing value for 2 with operation type credit and value 2
Pushing value for 2 with operation type credit and value 2
Pushing value for 2 with operation type credit and value 4
Pushing value for 2 with operation type credit and value 9
Pushing value for 2 with operation type credit and value 2
Pushing value for 2 with operation type credit and value 4
Pushing value for 2 with operation type credit and value 9
Pushing value for 2 with operation type credit and value 7
Pushing value for 2 with operation type credit and value 3
Pushing value for 2 with operation type credit and value 9
Pushing value for 2 with operation type credit and value 9
Pushing value for 2 with operation type credit and value 6
Pushing value for 2 with operation type credit and value 9
Pushing value for 1 with operation type credit and value 7
Pushing value for 1 with operation type credit and value 2
Pushing value for 1 with operation type credit and value 6
Pushing value for 1 with operation type credit and value 8
Pushing value for 1 with operation type credit and value 7
Pushing value for 1 with operation type credit and value 1
Pushing value for 1 with operation type credit and value 3
Pushing value for 1 with operation type credit and value 2
Pushing value for 1 with operation type credit and value 9
Pushing value for 1 with operation type credit and value 5
Pushing value for 1 with operation type credit and value 7
Pushing value for 1 with operation type credit and value 8
Pushing value for 1 with operation type credit and value 9
Pushing value for 1 with operation type credit and value 8
Pushing value for 1 with operation type credit and value 8
Pushing value for 1 with operation type credit and value 10
Pushing value for 1 with operation type credit and value 5
Pushing value for 1 with operation type credit and value 7
Pushing value for 1 with operation type credit and value 3
Pushing value for 1 with operation type credit and value 1
Pushing value for 1 with operation type credit and value 1
Pushing value for 1 with operation type credit and value 8
Pushing value for 1 with operation type credit and value 7
Pushing value for 1 with operation type credit and value 2
Pushing value for 1 with operation type credit and value 3
Pushing value for 1 with operation type credit and value 9
Pushing value for 1 with operation type credit and value 1
Pushing value for 1 with operation type credit and value 10
Pushing value for 1 with operation type credit and value 6
Pushing value for 1 with operation type credit and value 9
Pushing value for 1 with operation type credit and value 9
Pushing value for 1 with operation type credit and value 2
Pushing value for 1 with operation type credit and value 10
1 : {credit=193}
2 : {debit=582, credit=381}
Pushing value for 2 with operation type credit and value 2
Pushing value for 2 with operation type credit and value 2
Pushing value for 2 with operation type credit and value 4
Pushing value for 2 with operation type credit and value 1
Pushing value for 2 with operation type credit and value 10
Pushing value for 2 with operation type credit and value 2
Pushing value for 2 with operation type credit and value 9
Pushing value for 2 with operation type credit and value 9
Pushing value for 2 with operation type credit and value 9
Pushing value for 2 with operation type credit and value 9
Pushing value for 2 with operation type credit and value 10
Pushing value for 2 with operation type credit and value 7
Pushing value for 2 with operation type credit and value 8
Pushing value for 2 with operation type credit and value 2
Pushing value for 2 with operation type credit and value 7
Pushing value for 2 with operation type credit and value 8
Pushing value for 2 with operation type credit and value 7
Pushing value for 2 with operation type credit and value 4
Pushing value for 2 with operation type credit and value 8
Pushing value for 2 with operation type credit and value 10
Pushing value for 2 with operation type credit and value 1
Pushing value for 2 with operation type credit and value 10
Pushing value for 2 with operation type credit and value 7
Pushing value for 2 with operation type credit and value 7
Pushing value for 2 with operation type credit and value 2
Pushing value for 2 with operation type credit and value 9
Pushing value for 2 with operation type credit and value 10
Pushing value for 2 with operation type credit and value 3
Pushing value for 2 with operation type credit and value 7
Pushing value for 2 with operation type credit and value 2
Thread 33 done
Pushing value for 1 with operation type credit and value 9
Pushing value for 1 with operation type credit and value 9
Pushing value for 1 with operation type credit and value 6
Pushing value for 1 with operation type credit and value 9
Pushing value for 1 with operation type credit and value 4
Pushing value for 1 with operation type credit and value 1
Pushing value for 1 with operation type credit and value 4
Pushing value for 1 with operation type credit and value 6
Pushing value for 1 with operation type credit and value 9
Pushing value for 1 with operation type credit and value 2
Pushing value for 1 with operation type credit and value 8
Pushing value for 1 with operation type credit and value 8
Pushing value for 1 with operation type credit and value 5
Pushing value for 1 with operation type credit and value 9
Pushing value for 1 with operation type credit and value 3
Pushing value for 1 with operation type credit and value 9
Pushing value for 1 with operation type debit and value 8
Pushing value for 1 with operation type debit and value 5
Pushing value for 1 with operation type debit and value 2
Pushing value for 1 with operation type debit and value 9
Pushing value for 1 with operation type debit and value 9
1 : {credit=303, debit=33}
2 : {debit=582, credit=565}
Pushing value for 1 with operation type credit and value 4
Pushing value for 1 with operation type debit and value 4
Pushing value for 1 with operation type debit and value 6
Pushing value for 1 with operation type debit and value 7
Pushing value for 1 with operation type debit and value 2
Pushing value for 1 with operation type debit and value 9
Pushing value for 1 with operation type debit and value 3
Pushing value for 1 with operation type debit and value 7
Pushing value for 1 with operation type debit and value 2
Pushing value for 1 with operation type credit and value 8
Pushing value for 1 with operation type credit and value 2
Pushing value for 1 with operation type credit and value 1
Pushing value for 1 with operation type credit and value 6
Pushing value for 1 with operation type credit and value 1
Pushing value for 1 with operation type credit and value 2
Pushing value for 1 with operation type credit and value 1
Pushing value for 1 with operation type credit and value 2
Pushing value for 1 with operation type credit and value 6
Pushing value for 1 with operation type credit and value 6
Pushing value for 1 with operation type credit and value 9
Pushing value for 1 with operation type debit and value 9
Pushing value for 1 with operation type debit and value 1
Pushing value for 1 with operation type debit and value 1
Pushing value for 1 with operation type debit and value 5
Pushing value for 1 with operation type debit and value 10
Pushing value for 1 with operation type debit and value 1
Pushing value for 1 with operation type debit and value 2
Pushing value for 1 with operation type debit and value 8
Pushing value for 1 with operation type debit and value 10
Pushing value for 1 with operation type debit and value 7
Pushing value for 1 with operation type debit and value 6
Pushing value for 1 with operation type debit and value 2
Pushing value for 1 with operation type debit and value 2
Pushing value for 1 with operation type debit and value 3
Pushing value for 1 with operation type debit and value 9
Pushing value for 1 with operation type credit and value 8
Pushing value for 1 with operation type credit and value 1
Pushing value for 1 with operation type credit and value 10
Pushing value for 1 with operation type credit and value 9
Pushing value for 1 with operation type credit and value 1
Pushing value for 1 with operation type credit and value 3
Pushing value for 1 with operation type credit and value 8
Pushing value for 1 with operation type credit and value 1
Pushing value for 1 with operation type credit and value 6
Pushing value for 1 with operation type credit and value 10
Pushing value for 1 with operation type credit and value 1
Pushing value for 1 with operation type credit and value 5
Pushing value for 1 with operation type credit and value 10
Pushing value for 1 with operation type credit and value 1
Pushing value for 1 with operation type credit and value 7
Pushing value for 1 with operation type credit and value 5
1 : {credit=437, debit=149}
2 : {debit=582, credit=565}
Pushing value for 1 with operation type credit and value 10
Pushing value for 1 with operation type credit and value 3
Pushing value for 1 with operation type credit and value 7
Pushing value for 1 with operation type credit and value 2
Pushing value for 1 with operation type credit and value 8
Pushing value for 1 with operation type credit and value 10
Pushing value for 1 with operation type credit and value 10
Pushing value for 1 with operation type credit and value 2
Pushing value for 1 with operation type credit and value 8
Pushing value for 1 with operation type credit and value 6
Pushing value for 1 with operation type credit and value 8
Pushing value for 1 with operation type credit and value 7
Pushing value for 1 with operation type credit and value 9
Pushing value for 1 with operation type credit and value 4
Pushing value for 1 with operation type credit and value 6
Pushing value for 1 with operation type credit and value 9
Pushing value for 1 with operation type credit and value 3
Pushing value for 1 with operation type credit and value 3
Pushing value for 1 with operation type debit and value 2
Pushing value for 1 with operation type debit and value 8
Pushing value for 1 with operation type debit and value 8
Pushing value for 1 with operation type debit and value 1
Pushing value for 1 with operation type debit and value 10
Pushing value for 1 with operation type debit and value 5
Pushing value for 1 with operation type debit and value 9
Pushing value for 1 with operation type debit and value 5
Pushing value for 1 with operation type debit and value 6
Pushing value for 1 with operation type debit and value 1
Pushing value for 1 with operation type debit and value 5
Pushing value for 1 with operation type debit and value 3
Pushing value for 1 with operation type credit and value 1
Pushing value for 1 with operation type credit and value 8
Pushing value for 1 with operation type credit and value 4
Pushing value for 1 with operation type credit and value 10
Pushing value for 1 with operation type credit and value 1
Thread 32 done
Pushing value for 1 with operation type debit and value 9
Pushing value for 1 with operation type debit and value 1
Pushing value for 1 with operation type debit and value 7
Pushing value for 1 with operation type debit and value 4
Pushing value for 1 with operation type debit and value 7
Pushing value for 1 with operation type debit and value 2
Pushing value for 1 with operation type debit and value 5
Pushing value for 1 with operation type debit and value 10
Pushing value for 1 with operation type debit and value 4
Pushing value for 1 with operation type debit and value 1
Pushing value for 1 with operation type debit and value 5
Pushing value for 1 with operation type debit and value 5
Pushing value for 1 with operation type debit and value 5
Pushing value for 1 with operation type debit and value 2
Pushing value for 1 with operation type debit and value 4
Pushing value for 1 with operation type debit and value 4
1 : {credit=576, debit=287}
2 : {debit=582, credit=565}
Pushing value for 1 with operation type debit and value 7
Pushing value for 1 with operation type debit and value 3
Pushing value for 1 with operation type debit and value 4
Pushing value for 1 with operation type debit and value 5
Pushing value for 1 with operation type debit and value 3
Pushing value for 1 with operation type debit and value 9
Pushing value for 1 with operation type debit and value 7
Pushing value for 1 with operation type debit and value 5
Pushing value for 1 with operation type debit and value 5
Pushing value for 1 with operation type debit and value 3
Pushing value for 1 with operation type debit and value 8
Pushing value for 1 with operation type debit and value 3
Pushing value for 1 with operation type debit and value 3
Pushing value for 1 with operation type debit and value 5
Pushing value for 1 with operation type debit and value 4
Pushing value for 1 with operation type debit and value 2
Pushing value for 1 with operation type debit and value 5
Pushing value for 1 with operation type debit and value 2
Pushing value for 1 with operation type debit and value 9
Pushing value for 1 with operation type debit and value 2
Pushing value for 1 with operation type debit and value 9
Pushing value for 1 with operation type debit and value 5
Pushing value for 1 with operation type debit and value 3
Pushing value for 1 with operation type debit and value 8
Pushing value for 1 with operation type debit and value 8
Pushing value for 1 with operation type debit and value 10
Pushing value for 1 with operation type debit and value 2
Pushing value for 1 with operation type debit and value 5
Pushing value for 1 with operation type debit and value 2
Pushing value for 1 with operation type debit and value 2
Pushing value for 1 with operation type debit and value 7
Pushing value for 1 with operation type debit and value 10
Pushing value for 1 with operation type debit and value 1
Pushing value for 1 with operation type debit and value 2
Pushing value for 1 with operation type debit and value 3
Pushing value for 1 with operation type debit and value 7
Pushing value for 1 with operation type debit and value 1
Pushing value for 1 with operation type debit and value 6
Pushing value for 1 with operation type debit and value 9
Pushing value for 1 with operation type debit and value 6
Pushing value for 1 with operation type debit and value 10
Pushing value for 1 with operation type debit and value 7
Pushing value for 1 with operation type debit and value 1
Pushing value for 1 with operation type debit and value 9
Thread 30 done
