21 Mar 2023 12:38:34,219 INFO  root.proiect_mpp.repositories.AbstractRepository 22 <init> - Initializing Abstract Repository with properties: {jdbc.url=jdbc:sqlite:../../data-base/tourism.db} 
21 Mar 2023 12:38:34,225 INFO  root.proiect_mpp.repositories.people.PersonRepository 12 <init> - Initializing Person Repository 
21 Mar 2023 12:38:34,226 INFO  root.proiect_mpp.repositories.people.employees.EmployeeRepository 16 <init> - Initializing Employee Repository 
21 Mar 2023 12:38:34,227 INFO  root.proiect_mpp.repositories.AbstractRepository 22 <init> - Initializing Abstract Repository with properties: {jdbc.url=jdbc:sqlite:../../data-base/tourism.db} 
21 Mar 2023 12:38:34,228 INFO  root.proiect_mpp.repositories.tickets.TicketRepository 16 <init> - Initializing Ticket Repository 
21 Mar 2023 12:38:34,230 INFO  root.proiect_mpp.repositories.AbstractRepository 22 <init> - Initializing Abstract Repository with properties: {jdbc.url=jdbc:sqlite:../../data-base/tourism.db} 
21 Mar 2023 12:38:34,230 INFO  root.proiect_mpp.repositories.flights.FlightRepository 19 <init> - Initializing Flight Repository 
21 Mar 2023 12:38:34,241 TRACE root.proiect_mpp.repositories.AbstractRepository 87 add - Enter Saving entity Employee{id=0, firstName='nicu', lastName='mog'position='seller', email='mog@yahoo.com', password='salut'}
21 Mar 2023 12:38:34,242 TRACE root.proiect_mpp.utils.JdbcUtils 46 getConnection - Enter
21 Mar 2023 12:38:34,242 TRACE root.proiect_mpp.utils.JdbcUtils 23 getNewConnection - Enter
21 Mar 2023 12:38:34,242 INFO  root.proiect_mpp.utils.JdbcUtils 28 getNewConnection - trying to connect to database ... jdbc:sqlite:../../data-base/tourism.db
21 Mar 2023 12:38:34,242 INFO  root.proiect_mpp.utils.JdbcUtils 29 getNewConnection - user: null
21 Mar 2023 12:38:34,243 INFO  root.proiect_mpp.utils.JdbcUtils 30 getNewConnection - pass: null
21 Mar 2023 12:38:34,419 TRACE root.proiect_mpp.utils.JdbcUtils 55 getConnection - Exit with(org.sqlite.jdbc4.JDBC4Connection@5ee95772)
21 Mar 2023 12:39:19,221 INFO  root.proiect_mpp.repositories.AbstractRepository 22 <init> - Initializing Abstract Repository with properties: {jdbc.url=jdbc:sqlite:../../data-base/tourism.db} 
21 Mar 2023 12:39:19,230 INFO  root.proiect_mpp.repositories.people.PersonRepository 12 <init> - Initializing Person Repository 
21 Mar 2023 12:39:19,231 INFO  root.proiect_mpp.repositories.people.employees.EmployeeRepository 16 <init> - Initializing Employee Repository 
21 Mar 2023 12:39:19,233 INFO  root.proiect_mpp.repositories.AbstractRepository 22 <init> - Initializing Abstract Repository with properties: {jdbc.url=jdbc:sqlite:../../data-base/tourism.db} 
21 Mar 2023 12:39:19,234 INFO  root.proiect_mpp.repositories.tickets.TicketRepository 16 <init> - Initializing Ticket Repository 
21 Mar 2023 12:39:19,238 INFO  root.proiect_mpp.repositories.AbstractRepository 22 <init> - Initializing Abstract Repository with properties: {jdbc.url=jdbc:sqlite:../../data-base/tourism.db} 
21 Mar 2023 12:39:19,238 INFO  root.proiect_mpp.repositories.flights.FlightRepository 19 <init> - Initializing Flight Repository 
21 Mar 2023 12:39:29,103 TRACE root.proiect_mpp.repositories.AbstractRepository 87 add - Enter Saving entity Employee{id=0, firstName='nicu', lastName='mog'position='seller', email='mog@yahoo.com', password='salut'}
21 Mar 2023 12:39:33,085 TRACE root.proiect_mpp.utils.JdbcUtils 46 getConnection - Enter
21 Mar 2023 12:39:33,086 TRACE root.proiect_mpp.utils.JdbcUtils 23 getNewConnection - Enter
21 Mar 2023 12:39:33,087 INFO  root.proiect_mpp.utils.JdbcUtils 28 getNewConnection - trying to connect to database ... jdbc:sqlite:../../data-base/tourism.db
21 Mar 2023 12:39:33,088 INFO  root.proiect_mpp.utils.JdbcUtils 29 getNewConnection - user: null
21 Mar 2023 12:39:33,089 INFO  root.proiect_mpp.utils.JdbcUtils 30 getNewConnection - pass: null
21 Mar 2023 12:39:34,191 TRACE root.proiect_mpp.utils.JdbcUtils 55 getConnection - Exit with(org.sqlite.jdbc4.JDBC4Connection@de0a9bd)
21 Mar 2023 12:40:08,038 INFO  root.proiect_mpp.repositories.AbstractRepository 22 <init> - Initializing Abstract Repository with properties: {jdbc.url=jdbc:sqlite:../../data-base/tourism.db} 
21 Mar 2023 12:40:08,046 INFO  root.proiect_mpp.repositories.people.PersonRepository 12 <init> - Initializing Person Repository 
21 Mar 2023 12:40:08,046 INFO  root.proiect_mpp.repositories.people.employees.EmployeeRepository 16 <init> - Initializing Employee Repository 
21 Mar 2023 12:40:08,048 INFO  root.proiect_mpp.repositories.AbstractRepository 22 <init> - Initializing Abstract Repository with properties: {jdbc.url=jdbc:sqlite:../../data-base/tourism.db} 
21 Mar 2023 12:40:08,049 INFO  root.proiect_mpp.repositories.tickets.TicketRepository 16 <init> - Initializing Ticket Repository 
21 Mar 2023 12:40:08,051 INFO  root.proiect_mpp.repositories.AbstractRepository 22 <init> - Initializing Abstract Repository with properties: {jdbc.url=jdbc:sqlite:../../data-base/tourism.db} 
21 Mar 2023 12:40:08,051 INFO  root.proiect_mpp.repositories.flights.FlightRepository 19 <init> - Initializing Flight Repository 
21 Mar 2023 12:40:13,652 TRACE root.proiect_mpp.repositories.AbstractRepository 87 add - Enter Saving entity Employee{id=0, firstName='nicu', lastName='mog'position='seller', email='mog@yahoo.com', password='salut'}
21 Mar 2023 12:40:15,057 TRACE root.proiect_mpp.utils.JdbcUtils 46 getConnection - Enter
21 Mar 2023 12:40:15,058 TRACE root.proiect_mpp.utils.JdbcUtils 23 getNewConnection - Enter
21 Mar 2023 12:40:15,059 INFO  root.proiect_mpp.utils.JdbcUtils 28 getNewConnection - trying to connect to database ... jdbc:sqlite:../../data-base/tourism.db
21 Mar 2023 12:40:15,060 INFO  root.proiect_mpp.utils.JdbcUtils 29 getNewConnection - user: null
21 Mar 2023 12:40:15,060 INFO  root.proiect_mpp.utils.JdbcUtils 30 getNewConnection - pass: null
21 Mar 2023 12:40:16,084 TRACE root.proiect_mpp.utils.JdbcUtils 55 getConnection - Exit with(org.sqlite.jdbc4.JDBC4Connection@26745dd6)
21 Mar 2023 12:40:39,168 INFO  root.proiect_mpp.repositories.AbstractRepository 22 <init> - Initializing Abstract Repository with properties: {jdbc.url=jdbc:sqlite:../../data-base/tourism.db} 
21 Mar 2023 12:40:39,174 INFO  root.proiect_mpp.repositories.people.PersonRepository 12 <init> - Initializing Person Repository 
21 Mar 2023 12:40:39,175 INFO  root.proiect_mpp.repositories.people.employees.EmployeeRepository 16 <init> - Initializing Employee Repository 
21 Mar 2023 12:40:39,177 INFO  root.proiect_mpp.repositories.AbstractRepository 22 <init> - Initializing Abstract Repository with properties: {jdbc.url=jdbc:sqlite:../../data-base/tourism.db} 
21 Mar 2023 12:40:39,177 INFO  root.proiect_mpp.repositories.tickets.TicketRepository 16 <init> - Initializing Ticket Repository 
21 Mar 2023 12:40:39,178 INFO  root.proiect_mpp.repositories.AbstractRepository 22 <init> - Initializing Abstract Repository with properties: {jdbc.url=jdbc:sqlite:../../data-base/tourism.db} 
21 Mar 2023 12:40:39,179 INFO  root.proiect_mpp.repositories.flights.FlightRepository 19 <init> - Initializing Flight Repository 
21 Mar 2023 12:40:39,192 TRACE root.proiect_mpp.repositories.AbstractRepository 87 add - Enter Saving entity Employee{id=0, firstName='nicu', lastName='mog'position='seller', email='mog@yahoo.com', password='salut'}
21 Mar 2023 12:40:39,193 TRACE root.proiect_mpp.utils.JdbcUtils 46 getConnection - Enter
21 Mar 2023 12:40:39,193 TRACE root.proiect_mpp.utils.JdbcUtils 23 getNewConnection - Enter
21 Mar 2023 12:40:39,193 INFO  root.proiect_mpp.utils.JdbcUtils 28 getNewConnection - trying to connect to database ... jdbc:sqlite:../../data-base/tourism.db
21 Mar 2023 12:40:39,193 INFO  root.proiect_mpp.utils.JdbcUtils 29 getNewConnection - user: null
21 Mar 2023 12:40:39,194 INFO  root.proiect_mpp.utils.JdbcUtils 30 getNewConnection - pass: null
21 Mar 2023 12:40:39,351 TRACE root.proiect_mpp.utils.JdbcUtils 55 getConnection - Exit with(org.sqlite.jdbc4.JDBC4Connection@3b9e802a)
21 Mar 2023 12:40:39,366 TRACE root.proiect_mpp.repositories.AbstractRepository 49 executeCommand - Modified 1 instances
21 Mar 2023 12:40:39,366 TRACE root.proiect_mpp.repositories.AbstractRepository 89 add - Exit
21 Mar 2023 12:41:26,698 INFO  root.proiect_mpp.repositories.AbstractRepository 22 <init> - Initializing Abstract Repository with properties: {jdbc.url=jdbc:sqlite:../../data-base/tourism.db} 
21 Mar 2023 12:41:26,704 INFO  root.proiect_mpp.repositories.people.PersonRepository 12 <init> - Initializing Person Repository 
21 Mar 2023 12:41:26,705 INFO  root.proiect_mpp.repositories.people.employees.EmployeeRepository 16 <init> - Initializing Employee Repository 
21 Mar 2023 12:41:26,706 INFO  root.proiect_mpp.repositories.AbstractRepository 22 <init> - Initializing Abstract Repository with properties: {jdbc.url=jdbc:sqlite:../../data-base/tourism.db} 
21 Mar 2023 12:41:26,706 INFO  root.proiect_mpp.repositories.tickets.TicketRepository 16 <init> - Initializing Ticket Repository 
21 Mar 2023 12:41:26,708 INFO  root.proiect_mpp.repositories.AbstractRepository 22 <init> - Initializing Abstract Repository with properties: {jdbc.url=jdbc:sqlite:../../data-base/tourism.db} 
21 Mar 2023 12:41:26,708 INFO  root.proiect_mpp.repositories.flights.FlightRepository 19 <init> - Initializing Flight Repository 
21 Mar 2023 12:41:40,783 TRACE root.proiect_mpp.repositories.AbstractRepository 87 add - Enter Saving entity Employee{id=0, firstName='nicu', lastName='mog'position='seller', email='mog@yahoo.com', password='salut'}
21 Mar 2023 12:41:44,043 TRACE root.proiect_mpp.utils.JdbcUtils 46 getConnection - Enter
21 Mar 2023 12:41:44,043 TRACE root.proiect_mpp.utils.JdbcUtils 23 getNewConnection - Enter
21 Mar 2023 12:41:44,044 INFO  root.proiect_mpp.utils.JdbcUtils 28 getNewConnection - trying to connect to database ... jdbc:sqlite:../../data-base/tourism.db
21 Mar 2023 12:41:44,045 INFO  root.proiect_mpp.utils.JdbcUtils 29 getNewConnection - user: null
21 Mar 2023 12:41:44,046 INFO  root.proiect_mpp.utils.JdbcUtils 30 getNewConnection - pass: null
21 Mar 2023 12:41:45,073 TRACE root.proiect_mpp.utils.JdbcUtils 55 getConnection - Exit with(org.sqlite.jdbc4.JDBC4Connection@de0a9bd)
21 Mar 2023 12:41:48,178 TRACE root.proiect_mpp.repositories.AbstractRepository 49 executeCommand - Modified 1 instances
21 Mar 2023 12:41:51,274 TRACE root.proiect_mpp.repositories.AbstractRepository 89 add - Exit
21 Mar 2023 12:42:34,306 INFO  root.proiect_mpp.repositories.AbstractRepository 22 <init> - Initializing Abstract Repository with properties: {jdbc.url=jdbc:sqlite:../../data-base/tourism.db} 
21 Mar 2023 12:42:34,312 INFO  root.proiect_mpp.repositories.people.PersonRepository 12 <init> - Initializing Person Repository 
21 Mar 2023 12:42:34,312 INFO  root.proiect_mpp.repositories.people.employees.EmployeeRepository 16 <init> - Initializing Employee Repository 
21 Mar 2023 12:42:34,313 INFO  root.proiect_mpp.repositories.AbstractRepository 22 <init> - Initializing Abstract Repository with properties: {jdbc.url=jdbc:sqlite:../../data-base/tourism.db} 
21 Mar 2023 12:42:34,314 INFO  root.proiect_mpp.repositories.tickets.TicketRepository 16 <init> - Initializing Ticket Repository 
21 Mar 2023 12:42:34,315 INFO  root.proiect_mpp.repositories.AbstractRepository 22 <init> - Initializing Abstract Repository with properties: {jdbc.url=jdbc:sqlite:../../data-base/tourism.db} 
21 Mar 2023 12:42:34,316 INFO  root.proiect_mpp.repositories.flights.FlightRepository 19 <init> - Initializing Flight Repository 
21 Mar 2023 12:42:34,330 TRACE root.proiect_mpp.repositories.AbstractRepository 87 add - Enter Saving entity Employee{id=0, firstName='nicu', lastName='mog'position='seller', email='mog@yahoo.com', password='salut'}
21 Mar 2023 12:42:34,330 TRACE root.proiect_mpp.utils.JdbcUtils 46 getConnection - Enter
21 Mar 2023 12:42:34,331 TRACE root.proiect_mpp.utils.JdbcUtils 23 getNewConnection - Enter
21 Mar 2023 12:42:34,331 INFO  root.proiect_mpp.utils.JdbcUtils 28 getNewConnection - trying to connect to database ... jdbc:sqlite:../../data-base/tourism.db
21 Mar 2023 12:42:34,331 INFO  root.proiect_mpp.utils.JdbcUtils 29 getNewConnection - user: null
21 Mar 2023 12:42:34,332 INFO  root.proiect_mpp.utils.JdbcUtils 30 getNewConnection - pass: null
21 Mar 2023 12:42:34,505 TRACE root.proiect_mpp.utils.JdbcUtils 55 getConnection - Exit with(org.sqlite.jdbc4.JDBC4Connection@3b9e802a)
21 Mar 2023 12:42:34,519 TRACE root.proiect_mpp.repositories.AbstractRepository 49 executeCommand - Modified 1 instances
21 Mar 2023 12:42:34,519 TRACE root.proiect_mpp.repositories.AbstractRepository 89 add - Exit
